2024-07-17 12:04:59,254 [INFO] Activator:176 - 


2024-07-17 12:04:59,258 [INFO] Activator:177 - !SESSION log4j initialized
2024-07-17 12:05:02,147 [INFO] LogOutputStream:77 - [STDOUT_REDIRECT] 
2024-07-17 12:05:02,608 [INFO] ApplicationProperties:184 - Using Application install path: /opt/st/stm32cubeide_1.16.0/plugins/com.st.stm32cube.common.mx_6.12.0.202406281431
2024-07-17 12:05:02,617 [INFO] DbMcusXml:78 - Set database path to: /opt/st/stm32cubeide_1.16.0/plugins/com.st.stm32cube.common.mx_6.12.0.202406281431//db//mcu/
2024-07-17 12:05:02,617 [INFO] ApiDb:274 - Set plugin database path to: /opt/st/stm32cubeide_1.16.0/plugins/com.st.stm32cube.common.mx_6.12.0.202406281431//db//plugins/boardmanager/
2024-07-17 12:05:02,617 [WARN] ApiDb:259 - Overriding images path with different value:  => /opt/st/stm32cubeide_1.16.0/plugins/com.st.stm32cube.common.mx_6.12.0.202406281431//db//plugins/mcufinder/images/
2024-07-17 12:05:02,621 [INFO] ApiDb:250 - Set database path to: /home/heinecantor/.stmcufinder/plugins/mcufinder//mcu/
2024-07-17 12:05:02,621 [INFO] DbMcusAds:125 - Set database path to: /home/heinecantor/.stmcufinder/plugins/mcufinder//mcu/
2024-07-17 12:05:02,622 [INFO] CrossReferenceDbSqlite:203 - Set database path to: /home/heinecantor/.stmcufinder/plugins/mcufinder//mcu/cs/
2024-07-17 12:05:02,680 [INFO] RulesReader:64 - Compatibility file has been processed (297 Rules)
2024-07-17 12:05:02,724 [INFO] DbMcusXml:78 - Set database path to: /opt/st/stm32cubeide_1.16.0/plugins/com.st.stm32cube.common.mx_6.12.0.202406281431//db//mcu/
2024-07-17 12:05:02,725 [INFO] ApiDb:274 - Set plugin database path to: /opt/st/stm32cubeide_1.16.0/plugins/com.st.stm32cube.common.mx_6.12.0.202406281431//db//plugins/boardmanager/
2024-07-17 12:05:02,725 [INFO] ApiDb:261 - Set plugin images path to: /opt/st/stm32cubeide_1.16.0/plugins/com.st.stm32cube.common.mx_6.12.0.202406281431//db//plugins/mcufinder/images/
2024-07-17 12:05:02,725 [WARN] DbFile:41 - Overriding database path with different value: /home/heinecantor/.stmcufinder/plugins/mcufinder/ => /home/heinecantor/.stmcufinder/plugins/mcufinder
2024-07-17 12:05:02,725 [INFO] ApiDb:250 - Set database path to: /home/heinecantor/.stmcufinder/plugins/mcufinder//mcu/
2024-07-17 12:05:02,725 [WARN] DbFile:41 - Overriding database path with different value: /home/heinecantor/.stmcufinder/plugins/mcufinder/ => /home/heinecantor/.stmcufinder/plugins/mcufinder
2024-07-17 12:05:02,725 [INFO] DbMcusAds:125 - Set database path to: /home/heinecantor/.stmcufinder/plugins/mcufinder//mcu/
2024-07-17 12:05:02,725 [WARN] DbFile:41 - Overriding database path with different value: /home/heinecantor/.stmcufinder/plugins/mcufinder/ => /home/heinecantor/.stmcufinder/plugins/mcufinder
2024-07-17 12:05:02,725 [WARN] DbFile:41 - Overriding database path with different value: /home/heinecantor/.stmcufinder/plugins/mcufinder/ => /home/heinecantor/.stmcufinder/plugins/mcufinder
2024-07-17 12:05:02,726 [INFO] CrossReferenceDbSqlite:203 - Set database path to: /home/heinecantor/.stmcufinder/plugins/mcufinder//mcu/cs/
2024-07-17 12:05:02,775 [INFO] MainPanel:268 - HeapMemory: 268435456
2024-07-17 12:05:02,850 [INFO] DbMcusXml:78 - Set database path to: /opt/st/stm32cubeide_1.16.0/plugins/com.st.stm32cube.common.mx_6.12.0.202406281431//db//mcu/
2024-07-17 12:05:02,850 [INFO] ApiDb:274 - Set plugin database path to: /opt/st/stm32cubeide_1.16.0/plugins/com.st.stm32cube.common.mx_6.12.0.202406281431//db//plugins/boardmanager/
2024-07-17 12:05:02,850 [INFO] ApiDb:261 - Set plugin images path to: /opt/st/stm32cubeide_1.16.0/plugins/com.st.stm32cube.common.mx_6.12.0.202406281431//db//plugins/mcufinder/images/
2024-07-17 12:05:02,850 [WARN] DbFile:41 - Overriding database path with different value: /home/heinecantor/.stmcufinder/plugins/mcufinder/ => /home/heinecantor/.stmcufinder/plugins/mcufinder
2024-07-17 12:05:02,850 [INFO] ApiDb:250 - Set database path to: /home/heinecantor/.stmcufinder/plugins/mcufinder//mcu/
2024-07-17 12:05:02,850 [WARN] DbFile:41 - Overriding database path with different value: /home/heinecantor/.stmcufinder/plugins/mcufinder/ => /home/heinecantor/.stmcufinder/plugins/mcufinder
2024-07-17 12:05:02,850 [INFO] DbMcusAds:125 - Set database path to: /home/heinecantor/.stmcufinder/plugins/mcufinder//mcu/
2024-07-17 12:05:02,850 [WARN] DbFile:41 - Overriding database path with different value: /home/heinecantor/.stmcufinder/plugins/mcufinder/ => /home/heinecantor/.stmcufinder/plugins/mcufinder
2024-07-17 12:05:02,850 [WARN] DbFile:41 - Overriding database path with different value: /home/heinecantor/.stmcufinder/plugins/mcufinder/ => /home/heinecantor/.stmcufinder/plugins/mcufinder
2024-07-17 12:05:02,851 [INFO] CrossReferenceDbSqlite:203 - Set database path to: /home/heinecantor/.stmcufinder/plugins/mcufinder//mcu/cs/
2024-07-17 12:05:02,860 [INFO] ApplicationProperties:184 - Using Application install path: /opt/st/stm32cubeide_1.16.0/plugins/com.st.stm32cube.common.mx_6.12.0.202406281431
2024-07-17 12:05:02,860 [INFO] PluginManage:196 - Search for loadable plugins [exclusion list=, ]
2024-07-17 12:05:02,861 [INFO] PluginManage:310 - Check plugin analytics
2024-07-17 12:05:02,949 [INFO] AnalyticsPlugin:253 - Accepted Software Licenses: 
2024-07-17 12:05:02,949 [INFO] AnalyticsPlugin:255 - Accepted CMSIS Pack Licenses: 
2024-07-17 12:05:02,949 [INFO] AnalyticsPlugin:257 - Accepted Firmware Licenses: FW.F4.1.28.0
2024-07-17 12:05:02,950 [INFO] PluginManage:359 - Loaded plugin analytics (category:tool,tabindex:-1)
2024-07-17 12:05:02,951 [INFO] PluginManage:310 - Check plugin cadmodel
2024-07-17 12:05:02,954 [INFO] CADModel:105 - Init CAD model plugin
2024-07-17 12:05:02,954 [INFO] PluginManage:359 - Loaded plugin cadmodel (category:power,tabindex:5)
2024-07-17 12:05:02,954 [INFO] PluginManage:310 - Check plugin clock
2024-07-17 12:05:02,959 [INFO] PluginManage:359 - Loaded plugin clock (category:base,tabindex:2)
2024-07-17 12:05:02,959 [INFO] PluginManage:310 - Check plugin ddr
2024-07-17 12:05:02,960 [INFO] PluginManage:359 - Loaded plugin ddr (category:tool,tabindex:6)
2024-07-17 12:05:02,960 [INFO] PluginManage:310 - Check plugin filemanager
2024-07-17 12:05:03,036 [INFO] PluginManage:359 - Loaded plugin filemanager (category:base,tabindex:10)
2024-07-17 12:05:03,036 [INFO] PluginManage:310 - Check plugin ipmanager
2024-07-17 12:05:03,039 [INFO] PluginManage:359 - Loaded plugin ipmanager (category:base,tabindex:5)
2024-07-17 12:05:03,039 [INFO] PluginManage:310 - Check plugin lpbam
2024-07-17 12:05:03,045 [INFO] PluginManage:359 - Loaded plugin lpbam (category:base,tabindex:0)
2024-07-17 12:05:03,045 [INFO] PluginManage:310 - Check plugin memorymap
2024-07-17 12:05:03,051 [INFO] PluginManage:359 - Loaded plugin memorymap (category:base,tabindex:4)
2024-07-17 12:05:03,052 [INFO] PluginManage:310 - Check plugin pinoutandconfiguration
2024-07-17 12:05:03,056 [INFO] PluginManage:359 - Loaded plugin pinoutandconfiguration (category:base,tabindex:1)
2024-07-17 12:05:03,056 [INFO] PluginManage:310 - Check plugin pinoutconfig
2024-07-17 12:05:03,102 [WARN] SupportedApi:132 - Cannot load RTOS API schema: s4s-elt-must-match.1: The content of 'definitions' must match (annotation?, (simpleType | complexType)?, (unique | key | keyref)*)). A problem was found starting at: attribute.
2024-07-17 12:05:03,173 [INFO] PluginManage:359 - Loaded plugin pinoutconfig (category:base,tabindex:0)
2024-07-17 12:05:03,173 [INFO] PluginManage:310 - Check plugin power
2024-07-17 12:05:03,179 [INFO] PluginManage:359 - Loaded plugin power (category:power,tabindex:4)
2024-07-17 12:05:03,179 [INFO] PluginManage:310 - Check plugin projectmanager
2024-07-17 12:05:03,188 [INFO] PluginManage:359 - Loaded plugin projectmanager (category:projectmanager,tabindex:4)
2024-07-17 12:05:03,188 [INFO] PluginManage:310 - Check plugin rif
2024-07-17 12:05:03,191 [INFO] PluginManage:359 - Loaded plugin rif (category:base,tabindex:3)
2024-07-17 12:05:03,192 [INFO] PluginManage:310 - Check plugin thirdparty
2024-07-17 12:05:03,256 [INFO] PluginManage:359 - Loaded plugin thirdparty (category:base,tabindex:-1)
2024-07-17 12:05:03,256 [WARN] IntegrityCheckThread:84 - waiting for thirdparty lock release [integrity check]
2024-07-17 12:05:03,257 [INFO] IntegrityCheckThread:86 - entering critical section [integrity check]
2024-07-17 12:05:03,257 [INFO] PluginManage:310 - Check plugin tools
2024-07-17 12:05:03,257 [INFO] ThirdPartyUpdaterWithRetryManager:70 - Updater plugin not ready yet. [1/15]
2024-07-17 12:05:03,258 [INFO] PluginManage:359 - Loaded plugin tools (category:base,tabindex:7)
2024-07-17 12:05:03,258 [INFO] PluginManage:310 - Check plugin tutovideos
2024-07-17 12:05:03,353 [INFO] PluginManage:359 - Loaded plugin tutovideos (category:base,tabindex:-1)
2024-07-17 12:05:03,353 [INFO] PluginManage:310 - Check plugin updater
2024-07-17 12:05:03,365 [INFO] PluginManage:359 - Loaded plugin updater (category:base,tabindex:12)
2024-07-17 12:05:03,365 [INFO] PluginManage:310 - Check plugin userauth
2024-07-17 12:05:03,368 [INFO] UserAuth:113 - Init User Auth plugin
2024-07-17 12:05:03,368 [INFO] PluginManage:359 - Loaded plugin userauth (category:base,tabindex:14)
2024-07-17 12:05:03,368 [INFO] PluginManage:283 - PluginManage : Loaded plugins [18]
2024-07-17 12:05:03,472 [INFO] PinOutPanel:1561 - setPackage(No Configuration,No Configuration)
2024-07-17 12:05:03,524 [INFO] CADModel:165 - CPN selected for project level
2024-07-17 12:05:03,525 [INFO] CADModel:114 - Register for checkConnection events
2024-07-17 12:05:03,533 [INFO] IPUIPlugin:80 - create IPUIPlugin
2024-07-17 12:05:03,533 [INFO] PluginManager:220 - loadIPPluginJar : add i3c
2024-07-17 12:05:03,535 [INFO] IPUIPlugin:80 - create IPUIPlugin
2024-07-17 12:05:03,536 [INFO] PluginManager:220 - loadIPPluginJar : add i2c
2024-07-17 12:05:03,537 [INFO] IPUIPlugin:80 - create IPUIPlugin
2024-07-17 12:05:03,537 [INFO] PluginManager:220 - loadIPPluginJar : add dfsdm
2024-07-17 12:05:03,539 [INFO] IPUIPlugin:80 - create IPUIPlugin
2024-07-17 12:05:03,539 [INFO] PluginManager:220 - loadIPPluginJar : add aes
2024-07-17 12:05:03,541 [INFO] IPUIPlugin:80 - create IPUIPlugin
2024-07-17 12:05:03,541 [INFO] PluginManager:220 - loadIPPluginJar : add extmemmanager
2024-07-17 12:05:03,544 [INFO] IPUIPlugin:80 - create IPUIPlugin
2024-07-17 12:05:03,544 [INFO] PluginManager:220 - loadIPPluginJar : add opamp
2024-07-17 12:05:03,545 [INFO] IPUIPlugin:80 - create IPUIPlugin
2024-07-17 12:05:03,546 [INFO] PluginManager:220 - loadIPPluginJar : add comp
2024-07-17 12:05:03,548 [INFO] IPUIPlugin:80 - create IPUIPlugin
2024-07-17 12:05:03,548 [INFO] PluginManager:220 - loadIPPluginJar : add ipddr
2024-07-17 12:05:03,550 [INFO] IPUIPlugin:80 - create IPUIPlugin
2024-07-17 12:05:03,550 [INFO] PluginManager:220 - loadIPPluginJar : add gtzc
2024-07-17 12:05:03,554 [INFO] IPUIPlugin:80 - create IPUIPlugin
2024-07-17 12:05:03,554 [INFO] PluginManager:220 - loadIPPluginJar : add adc
2024-07-17 12:05:03,556 [INFO] IPUIPlugin:80 - create IPUIPlugin
2024-07-17 12:05:03,556 [INFO] PluginManager:220 - loadIPPluginJar : add i2s
2024-07-17 12:05:03,558 [INFO] IPUIPlugin:80 - create IPUIPlugin
2024-07-17 12:05:03,558 [INFO] PluginManager:220 - loadIPPluginJar : add ddr_ctrl_phy
2024-07-17 12:05:03,559 [INFO] IPUIPlugin:80 - create IPUIPlugin
2024-07-17 12:05:03,559 [INFO] PluginManager:220 - loadIPPluginJar : add quadspi
2024-07-17 12:05:03,564 [INFO] IPUIPlugin:80 - create IPUIPlugin
2024-07-17 12:05:03,564 [INFO] PluginManager:220 - loadIPPluginJar : add linkedlist
2024-07-17 12:05:03,568 [INFO] IPUIPlugin:80 - create IPUIPlugin
2024-07-17 12:05:03,569 [INFO] PluginManager:220 - loadIPPluginJar : add dma
2024-07-17 12:05:03,570 [INFO] IPUIPlugin:80 - create IPUIPlugin
2024-07-17 12:05:03,570 [INFO] PluginManager:220 - loadIPPluginJar : add genericplugin
2024-07-17 12:05:03,572 [INFO] IPUIPlugin:80 - create IPUIPlugin
2024-07-17 12:05:03,572 [INFO] PluginManager:220 - loadIPPluginJar : add can
2024-07-17 12:05:03,575 [INFO] IPUIPlugin:80 - create IPUIPlugin
2024-07-17 12:05:03,575 [INFO] PluginManager:220 - loadIPPluginJar : add gic
2024-07-17 12:05:03,576 [INFO] IPUIPlugin:80 - create IPUIPlugin
2024-07-17 12:05:03,577 [INFO] PluginManager:220 - loadIPPluginJar : add tsc
2024-07-17 12:05:03,577 [INFO] IPUIPlugin:80 - create IPUIPlugin
2024-07-17 12:05:03,577 [INFO] PluginManager:220 - loadIPPluginJar : add ltdc
2024-07-17 12:05:03,580 [INFO] IPUIPlugin:80 - create IPUIPlugin
2024-07-17 12:05:03,580 [INFO] PluginManager:220 - loadIPPluginJar : add nvic
2024-07-17 12:05:03,581 [INFO] IPUIPlugin:80 - create IPUIPlugin
2024-07-17 12:05:03,581 [INFO] PluginManager:220 - loadIPPluginJar : add hash
2024-07-17 12:05:03,583 [INFO] IPUIPlugin:80 - create IPUIPlugin
2024-07-17 12:05:03,583 [INFO] PluginManager:220 - loadIPPluginJar : add lorawan
2024-07-17 12:05:03,584 [INFO] IPUIPlugin:80 - create IPUIPlugin
2024-07-17 12:05:03,585 [INFO] PluginManager:220 - loadIPPluginJar : add radio
2024-07-17 12:05:03,587 [INFO] IPUIPlugin:80 - create IPUIPlugin
2024-07-17 12:05:03,587 [INFO] PluginManager:220 - loadIPPluginJar : add sai
2024-07-17 12:05:03,590 [INFO] IPUIPlugin:80 - create IPUIPlugin
2024-07-17 12:05:03,590 [INFO] PluginManager:220 - loadIPPluginJar : add stm32_wpan
2024-07-17 12:05:03,593 [INFO] IPUIPlugin:80 - create IPUIPlugin
2024-07-17 12:05:03,594 [INFO] PluginManager:220 - loadIPPluginJar : add mdma
2024-07-17 12:05:03,595 [INFO] IPUIPlugin:80 - create IPUIPlugin
2024-07-17 12:05:03,595 [INFO] PluginManager:220 - loadIPPluginJar : add dma3
2024-07-17 12:05:03,596 [INFO] IPUIPlugin:80 - create IPUIPlugin
2024-07-17 12:05:03,597 [INFO] PluginManager:220 - loadIPPluginJar : add touchsensing
2024-07-17 12:05:03,600 [INFO] IPUIPlugin:80 - create IPUIPlugin
2024-07-17 12:05:03,600 [INFO] PluginManager:220 - loadIPPluginJar : add freertos
2024-07-17 12:05:03,602 [INFO] IPUIPlugin:80 - create IPUIPlugin
2024-07-17 12:05:03,602 [INFO] PluginManager:220 - loadIPPluginJar : add pdm2pcm
2024-07-17 12:05:03,604 [INFO] IPUIPlugin:80 - create IPUIPlugin
2024-07-17 12:05:03,604 [INFO] PluginManager:220 - loadIPPluginJar : add gpio
2024-07-17 12:05:03,606 [INFO] IPUIPlugin:80 - create IPUIPlugin
2024-07-17 12:05:03,606 [INFO] PluginManager:220 - loadIPPluginJar : add usart
2024-07-17 12:05:03,608 [INFO] IPUIPlugin:80 - create IPUIPlugin
2024-07-17 12:05:03,608 [INFO] PluginManager:220 - loadIPPluginJar : add fmc
2024-07-17 12:05:03,609 [INFO] IPUIPlugin:80 - create IPUIPlugin
2024-07-17 12:05:03,609 [INFO] PluginManager:220 - loadIPPluginJar : add gfxmmu
2024-07-17 12:05:03,610 [INFO] IPUIPlugin:80 - create IPUIPlugin
2024-07-17 12:05:03,610 [INFO] PluginManager:220 - loadIPPluginJar : add ts
2024-07-17 12:05:03,612 [INFO] IPUIPlugin:80 - create IPUIPlugin
2024-07-17 12:05:03,612 [INFO] PluginManager:220 - loadIPPluginJar : add usbx
2024-07-17 12:05:03,613 [INFO] IPUIPlugin:80 - create IPUIPlugin
2024-07-17 12:05:03,613 [INFO] PluginManager:220 - loadIPPluginJar : add ucpd
2024-07-17 12:05:03,614 [INFO] IPUIPlugin:80 - create IPUIPlugin
2024-07-17 12:05:03,614 [INFO] PluginManager:220 - loadIPPluginJar : add tim
2024-07-17 12:05:03,615 [INFO] IPUIPlugin:80 - create IPUIPlugin
2024-07-17 12:05:03,615 [INFO] PluginManager:220 - loadIPPluginJar : add tracer_emb
2024-07-17 12:05:03,616 [INFO] IPUIPlugin:80 - create IPUIPlugin
2024-07-17 12:05:03,616 [INFO] PluginManager:220 - loadIPPluginJar : add spi
2024-07-17 12:05:03,618 [INFO] IPUIPlugin:80 - create IPUIPlugin
2024-07-17 12:05:03,618 [INFO] PluginManager:220 - loadIPPluginJar : add resmgrutility
2024-07-17 12:05:03,619 [INFO] IPUIPlugin:80 - create IPUIPlugin
2024-07-17 12:05:03,619 [INFO] PluginManager:220 - loadIPPluginJar : add fatfs
2024-07-17 12:05:03,623 [INFO] IPUIPlugin:80 - create IPUIPlugin
2024-07-17 12:05:03,624 [INFO] PluginManager:220 - loadIPPluginJar : add plateformsettings
2024-07-17 12:05:03,626 [INFO] IPUIPlugin:80 - create IPUIPlugin
2024-07-17 12:05:03,626 [INFO] PluginManager:220 - loadIPPluginJar : add cryp
2024-07-17 12:05:03,628 [INFO] IPUIPlugin:80 - create IPUIPlugin
2024-07-17 12:05:03,628 [INFO] PluginManager:220 - loadIPPluginJar : add openamp
2024-07-17 12:05:03,718 [INFO] CADModel:165 - CPN selected for project level
2024-07-17 12:05:03,718 [INFO] CADModel:114 - Register for checkConnection events
2024-07-17 12:05:03,718 [FATAL] Updater:334 - Updater called before beeing initialized
2024-07-17 12:05:03,718 [ERROR] CADModel:125 - Updater not yet initialized, retry later 
2024-07-17 12:05:03,786 [INFO] CADModel:165 - CPN selected for project level
2024-07-17 12:05:03,786 [INFO] CADModel:114 - Register for checkConnection events
2024-07-17 12:05:03,786 [FATAL] Updater:334 - Updater called before beeing initialized
2024-07-17 12:05:03,786 [ERROR] CADModel:125 - Updater not yet initialized, retry later 
2024-07-17 12:05:03,788 [FATAL] Updater:334 - Updater called before beeing initialized
2024-07-17 12:05:03,836 [FATAL] Updater:334 - Updater called before beeing initialized
2024-07-17 12:05:03,838 [INFO] DbMcusAds:53 - JSON generation date=Thu May 16 11:22:00 CEST 2024 (1715851320667)
2024-07-17 12:05:03,838 [FATAL] Updater:334 - Updater called before beeing initialized
2024-07-17 12:05:03,861 [WARN] DetailPanel:346 - Failed to get advertising image, set to default
2024-07-17 12:05:03,916 [FATAL] Updater:334 - Updater called before beeing initialized
2024-07-17 12:05:03,917 [FATAL] Updater:334 - Updater called before beeing initialized
2024-07-17 12:05:03,917 [FATAL] Updater:334 - Updater called before beeing initialized
2024-07-17 12:05:03,917 [WARN] DetailPanel:346 - Failed to get advertising image, set to default
2024-07-17 12:05:03,918 [FATAL] Updater:334 - Updater called before beeing initialized
2024-07-17 12:05:03,940 [ERROR] Updater:1164 - MainUpdater not yet initialized. External WinMGr cannot be set.
2024-07-17 12:05:03,941 [INFO] Updater:1100 - Updater Version found : 6.12.0
2024-07-17 12:05:03,950 [INFO] ApplicationProperties:184 - Using Application install path: /opt/st/stm32cubeide_1.16.0/plugins/com.st.stm32cube.common.mx_6.12.0.202406281431
2024-07-17 12:05:04,158 [INFO] MainUpdater:2873 - connection check result : 10
2024-07-17 12:05:04,159 [INFO] MainUpdater:290 - Updater Check For Update Now.
2024-07-17 12:05:04,159 [INFO] MicroXplorer:498 - Change Database Version : DB.6.0.120
2024-07-17 12:05:04,164 [INFO] McuFinderGlobals:63 - Set McuFinder mode to 2 (CubeIDE integrated)
2024-07-17 12:05:04,165 [INFO] UserAuth:417 - Internet connection configuration mode: 1
2024-07-17 12:05:04,174 [INFO] JxBrowserEngine:152 - Initiate JxBrowser Engine with user profile folder
2024-07-17 12:05:04,303 [INFO] CheckServerUpdateThread:120 - End of CheckServer Thread
2024-07-17 12:05:04,737 [INFO] WebApp:167 - Instantiating new browser for Auth
2024-07-17 12:05:05,198 [INFO] WebApp:448 - Apply proxy settings
2024-07-17 12:05:05,198 [INFO] WebApp:533 - Chromium requires no authentication
2024-07-17 12:05:05,202 [INFO] WebApp:476 - Direct internet connection detected
2024-07-17 12:05:05,211 [INFO] WebApp:869 - Register for checkConnection events
2024-07-17 12:05:05,211 [INFO] WebApp:448 - Apply proxy settings
2024-07-17 12:05:05,211 [INFO] WebApp:533 - Chromium requires no authentication
2024-07-17 12:05:05,211 [INFO] WebApp:476 - Direct internet connection detected
2024-07-17 12:05:05,286 [INFO] WebApp:220 - Starting web application
2024-07-17 12:05:05,286 [INFO] WebApp:578 - Web application path used /opt/st/stm32cubeide_1.16.0/plugins/com.st.stm32cube.common.mx_6.12.0.202406281431/db/plugins/mcufinder/reactClient1/index.html
2024-07-17 12:05:05,348 [INFO] UserAuth:417 - Internet connection configuration mode: 1
2024-07-17 12:05:05,447 [INFO] WebApp:186 - Connection restablished
2024-07-17 12:05:06,340 [WARN] PackLoader:240 - Cannot read IP mode file for STMicroelectronics.FP-SNS-MOTENVWB1.1.4.0
2024-07-17 12:05:06,345 [WARN] PackLoader:240 - Cannot read IP mode file for STMicroelectronics.X-CUBE-SMBUS.2.1.0
2024-07-17 12:05:06,361 [WARN] PackLoader:240 - Cannot read IP mode file for STMicroelectronics.X-CUBE-AZRTOS-F7.1.1.0
2024-07-17 12:05:06,370 [WARN] PackLoader:240 - Cannot read IP mode file for STMicroelectronics.FP-SNS-FLIGHT1.5.0.2
2024-07-17 12:05:06,375 [WARN] PackLoader:240 - Cannot read IP mode file for STMicroelectronics.X-CUBE-DISPLAY.3.0.0
2024-07-17 12:05:06,382 [WARN] PackLoader:240 - Cannot read IP mode file for STMicroelectronics.X-CUBE-BLE1.7.0.0
2024-07-17 12:05:06,385 [WARN] PackLoader:240 - Cannot read IP mode file for emotas.I-CUBE-CANOPEN.1.3.0
2024-07-17 12:05:06,392 [WARN] PackLoader:240 - Cannot read IP mode file for STMicroelectronics.X-CUBE-BLEMGR.3.1.0
2024-07-17 12:05:06,399 [WARN] PackLoader:240 - Cannot read IP mode file for STMicroelectronics.FP-SNS-SMARTAG2.1.2.0
2024-07-17 12:05:06,406 [INFO] LogOutputStream:77 - [STDOUT_REDIRECT] 1 : Invalid condition id : UX_CORESTACK_Condition cause : null
2024-07-17 12:05:06,406 [INFO] LogOutputStream:77 - [STDOUT_REDIRECT] 1 : Invalid condition id : UX_CORESTACK_Condition cause : null
2024-07-17 12:05:06,406 [INFO] LogOutputStream:77 - [STDOUT_REDIRECT] 1 : Invalid condition id : UX_CORESTACK_Condition cause : null
2024-07-17 12:05:06,406 [INFO] LogOutputStream:77 - [STDOUT_REDIRECT] 1 : Invalid condition id : UX_CORESTACK_Condition cause : null
2024-07-17 12:05:06,406 [INFO] LogOutputStream:77 - [STDOUT_REDIRECT] 1 : Invalid condition id : UX_CORESTACK_Condition cause : null
2024-07-17 12:05:06,408 [WARN] PackLoader:240 - Cannot read IP mode file for STMicroelectronics.X-CUBE-AZRTOS-WL.2.0.0
2024-07-17 12:05:06,416 [WARN] PackLoader:240 - Cannot read IP mode file for STMicroelectronics.FP-SNS-MOTENV1.5.0.0
2024-07-17 12:05:06,419 [WARN] PackLoader:240 - Cannot read IP mode file for wolfSSL.I-CUBE-wolfMQTT.1.19.0
2024-07-17 12:05:06,423 [WARN] PackLoader:240 - Cannot read IP mode file for WES.I-CUBE-Cesium.1.3.0
2024-07-17 12:05:06,427 [WARN] PackLoader:240 - Cannot read IP mode file for STMicroelectronics.X-CUBE-BLE2.3.3.0
2024-07-17 12:05:06,432 [WARN] PackLoader:240 - Cannot read IP mode file for STMicroelectronics.X-CUBE-TCPP.4.1.0
2024-07-17 12:05:06,443 [WARN] PackLoader:240 - Cannot read IP mode file for STMicroelectronics.X-CUBE-AZRTOS-G0.1.1.0
2024-07-17 12:05:06,448 [WARN] PackLoader:240 - Cannot read IP mode file for STMicroelectronics.X-CUBE-SAFEA1.1.2.2
2024-07-17 12:05:06,452 [WARN] PackLoader:240 - Cannot read IP mode file for STMicroelectronics.X-CUBE-NFC4.3.0.0
2024-07-17 12:05:06,456 [WARN] PackLoader:240 - Cannot read IP mode file for RealThread.X-CUBE-RT-Thread_Nano.4.1.1
2024-07-17 12:05:06,459 [WARN] PackLoader:240 - Cannot read IP mode file for wolfSSL.I-CUBE-wolfSSL.5.7.0
2024-07-17 12:05:06,461 [WARN] PackLoader:240 - Cannot read IP mode file for STMicroelectronics.FP-ATR-SIGFOX1.3.2.0
2024-07-17 12:05:06,465 [WARN] PackLoader:240 - Cannot read IP mode file for STMicroelectronics.X-CUBE-EEPRMA1.5.1.0
2024-07-17 12:05:06,469 [WARN] PackLoader:240 - Cannot read IP mode file for ITTIA_DB.I-CUBE-ITTIADB.8.9.0
2024-07-17 12:05:06,487 [WARN] PackLoader:240 - Cannot read IP mode file for SEGGER.I-CUBE-embOS.1.3.1
2024-07-17 12:05:06,509 [WARN] PackLoader:240 - Cannot read IP mode file for STMicroelectronics.X-CUBE-ALGOBUILD.1.4.0
2024-07-17 12:05:06,512 [WARN] PackLoader:240 - Cannot read IP mode file for STMicroelectronics.X-CUBE-GNSS1.6.0.0
2024-07-17 12:05:06,521 [WARN] PackLoader:240 - Cannot read IP mode file for STMicroelectronics.X-CUBE-AZRTOS-F4.1.1.0
2024-07-17 12:05:06,525 [WARN] PackLoader:240 - Cannot read IP mode file for STMicroelectronics.X-CUBE-FREERTOS.1.2.0
2024-07-17 12:05:06,537 [WARN] PackLoader:240 - Cannot read IP mode file for STMicroelectronics.X-CUBE-AZRTOS-L5.2.0.0
2024-07-17 12:05:06,543 [WARN] PackLoader:240 - Cannot read IP mode file for STMicroelectronics.X-CUBE-NFC6.3.1.0
2024-07-17 12:05:06,547 [WARN] PackLoader:240 - Cannot read IP mode file for STMicroelectronics.X-CUBE-DPower.1.2.0
2024-07-17 12:05:06,549 [WARN] PackLoader:240 - Cannot read IP mode file for STMicroelectronics.X-CUBE-AI.9.0.0
2024-07-17 12:05:06,553 [WARN] PackLoader:240 - Cannot read IP mode file for STMicroelectronics.X-CUBE-NFC7.1.0.1
2024-07-17 12:05:06,563 [WARN] ConditionMgr:438 - getConditionDescription Invalid condition id : LAN8742 Phy interface Condition cause : null
2024-07-17 12:05:06,564 [WARN] PackLoader:240 - Cannot read IP mode file for STMicroelectronics.X-CUBE-AZRTOS-L4.2.0.0
2024-07-17 12:05:06,565 [WARN] ConditionMgr:1039 - genDependencies : Invalid condition id : LAN8742 Phy interface Condition cause : null
2024-07-17 12:05:06,565 [WARN] ConditionMgr:1039 - genDependencies : Invalid condition id : LAN8742 Phy interface Condition cause : null
2024-07-17 12:05:06,566 [WARN] ConditionMgr:1039 - genDependencies : Invalid condition id : LAN8742 Phy interface Condition cause : null
2024-07-17 12:05:06,570 [WARN] PackLoader:240 - Cannot read IP mode file for STMicroelectronics.X-CUBE-SFXS2LP1.4.0.0
2024-07-17 12:05:06,588 [WARN] ConditionMgr:438 - getConditionDescription Invalid condition id : UX DEVICE CLASS RTOS Condition cause : null
2024-07-17 12:05:06,589 [WARN] ConditionMgr:438 - getConditionDescription Invalid condition id : UX DEVICE CLASS RTOS Condition cause : null
2024-07-17 12:05:06,591 [WARN] PackLoader:240 - Cannot read IP mode file for STMicroelectronics.X-CUBE-AZRTOS-WB.2.0.0
2024-07-17 12:05:06,591 [WARN] ConditionMgr:1039 - genDependencies : Invalid condition id : UX DEVICE CLASS RTOS Condition cause : null
2024-07-17 12:05:06,592 [WARN] ConditionMgr:1039 - genDependencies : Invalid condition id : UX DEVICE CLASS RTOS Condition cause : null
2024-07-17 12:05:06,592 [WARN] ConditionMgr:1039 - genDependencies : Invalid condition id : UX DEVICE CLASS RTOS Condition cause : null
2024-07-17 12:05:06,592 [WARN] ConditionMgr:1039 - genDependencies : Invalid condition id : UX DEVICE CLASS RTOS Condition cause : null
2024-07-17 12:05:06,592 [WARN] ConditionMgr:1039 - genDependencies : Invalid condition id : UX DEVICE CLASS RTOS Condition cause : null
2024-07-17 12:05:06,600 [WARN] PackLoader:240 - Cannot read IP mode file for STMicroelectronics.X-CUBE-SUBG2.5.0.0
2024-07-17 12:05:06,607 [WARN] PackLoader:240 - Cannot read IP mode file for Cesanta.I-CUBE-Mongoose.7.13.0
2024-07-17 12:05:06,617 [WARN] PackLoader:240 - Cannot read IP mode file for STMicroelectronics.X-CUBE-AZRTOS-G4.2.0.0
2024-07-17 12:05:06,621 [WARN] PackLoader:240 - Cannot read IP mode file for STMicroelectronics.X-CUBE-ISPU.2.0.0
2024-07-17 12:05:06,623 [WARN] PackLoader:240 - Cannot read IP mode file for STMicroelectronics.X-CUBE-ALS.1.0.2
2024-07-17 12:05:06,641 [WARN] PackLoader:240 - Cannot read IP mode file for STMicroelectronics.X-CUBE-MEMS1.10.0.0
2024-07-17 12:05:06,723 [WARN] PackLoader:240 - Cannot read IP mode file for STMicroelectronics.X-CUBE-TOUCHGFX.4.24.0
2024-07-17 12:05:06,725 [WARN] PackLoader:240 - Cannot read IP mode file for portGmbH.I-Cube-SoM-uGOAL.1.1.0
2024-07-17 12:05:06,733 [WARN] PackLoader:240 - Cannot read IP mode file for STMicroelectronics.X-CUBE-AZRTOS-H7RS.1.0.0
2024-07-17 12:05:06,736 [WARN] PackLoader:240 - Cannot read IP mode file for STMicroelectronics.FP-ATR-ASTRA1.2.0.0
2024-07-17 12:05:06,741 [WARN] PackLoader:240 - Cannot read IP mode file for STMicroelectronics.X-CUBE-TOF1.3.4.1
2024-07-17 12:05:06,753 [WARN] PackLoader:240 - Cannot read IP mode file for STMicroelectronics.X-CUBE-AZRTOS-H7.3.2.0
2024-07-17 12:05:06,761 [WARN] PackLoader:240 - Cannot read IP mode file for Infineon.AIROC-Wi-Fi-Bluetooth-STM32.1.6.0
2024-07-17 12:05:06,763 [INFO] ThirdParty:978 - Integrity check success = true
2024-07-17 12:05:06,763 [INFO] IntegrityCheckThread:100 - exiting critical section [integrity check]
2024-07-17 12:05:06,763 [INFO] IntegrityCheckThread:103 - End integrity checks thread
2024-07-17 12:05:10,612 [ERROR] LogOutputStream:75 - [STDERR_REDIRECT] 
